ARM GAS  /tmp/ccJpHh0w.s 			page 1


   1              		.cpu cortex-m4
   2              		.eabi_attribute 27, 1
   3              		.eabi_attribute 28, 1
   4              		.eabi_attribute 20, 1
   5              		.eabi_attribute 21, 1
   6              		.eabi_attribute 23, 3
   7              		.eabi_attribute 24, 1
   8              		.eabi_attribute 25, 1
   9              		.eabi_attribute 26, 1
  10              		.eabi_attribute 30, 1
  11              		.eabi_attribute 34, 1
  12              		.eabi_attribute 18, 4
  13              		.file	"syscalls.c"
  14              		.text
  15              	.Ltext0:
  16              		.cfi_sections	.debug_frame
  17              		.section	.text.initialise_monitor_handles,"ax",%progbits
  18              		.align	1
  19              		.global	initialise_monitor_handles
  20              		.arch armv7e-m
  21              		.syntax unified
  22              		.thumb
  23              		.thumb_func
  24              		.fpu fpv4-sp-d16
  26              	initialise_monitor_handles:
  27              	.LFB25:
  28              		.file 1 "Core/Src/syscalls.c"
   1:Core/Src/syscalls.c **** /**
   2:Core/Src/syscalls.c ****  ******************************************************************************
   3:Core/Src/syscalls.c ****  * @file      syscalls.c
   4:Core/Src/syscalls.c ****  * @author    Auto-generated by STM32CubeIDE
   5:Core/Src/syscalls.c ****  * @brief     STM32CubeIDE Minimal System calls file
   6:Core/Src/syscalls.c ****  *
   7:Core/Src/syscalls.c ****  *            For more information about which c-functions
   8:Core/Src/syscalls.c ****  *            need which of these lowlevel functions
   9:Core/Src/syscalls.c ****  *            please consult the Newlib libc-manual
  10:Core/Src/syscalls.c ****  ******************************************************************************
  11:Core/Src/syscalls.c ****  * @attention
  12:Core/Src/syscalls.c ****  *
  13:Core/Src/syscalls.c ****  * <h2><center>&copy; Copyright (c) 2020 STMicroelectronics.
  14:Core/Src/syscalls.c ****  * All rights reserved.</center></h2>
  15:Core/Src/syscalls.c ****  *
  16:Core/Src/syscalls.c ****  * This software component is licensed by ST under BSD 3-Clause license,
  17:Core/Src/syscalls.c ****  * the "License"; You may not use this file except in compliance with the
  18:Core/Src/syscalls.c ****  * License. You may obtain a copy of the License at:
  19:Core/Src/syscalls.c ****  *                        opensource.org/licenses/BSD-3-Clause
  20:Core/Src/syscalls.c ****  *
  21:Core/Src/syscalls.c ****  ******************************************************************************
  22:Core/Src/syscalls.c ****  */
  23:Core/Src/syscalls.c **** 
  24:Core/Src/syscalls.c **** /* Includes */
  25:Core/Src/syscalls.c **** #include <sys/stat.h>
  26:Core/Src/syscalls.c **** #include <stdlib.h>
  27:Core/Src/syscalls.c **** #include <errno.h>
  28:Core/Src/syscalls.c **** #include <stdio.h>
  29:Core/Src/syscalls.c **** #include <signal.h>
  30:Core/Src/syscalls.c **** #include <time.h>
ARM GAS  /tmp/ccJpHh0w.s 			page 2


  31:Core/Src/syscalls.c **** #include <sys/time.h>
  32:Core/Src/syscalls.c **** #include <sys/times.h>
  33:Core/Src/syscalls.c **** 
  34:Core/Src/syscalls.c **** 
  35:Core/Src/syscalls.c **** /* Variables */
  36:Core/Src/syscalls.c **** extern int __io_putchar(int ch) __attribute__((weak));
  37:Core/Src/syscalls.c **** extern int __io_getchar(void) __attribute__((weak));
  38:Core/Src/syscalls.c **** 
  39:Core/Src/syscalls.c **** 
  40:Core/Src/syscalls.c **** char *__env[1] = { 0 };
  41:Core/Src/syscalls.c **** char **environ = __env;
  42:Core/Src/syscalls.c **** 
  43:Core/Src/syscalls.c **** 
  44:Core/Src/syscalls.c **** /* Functions */
  45:Core/Src/syscalls.c **** void initialise_monitor_handles()
  46:Core/Src/syscalls.c **** {
  29              		.loc 1 46 1 view -0
  30              		.cfi_startproc
  31              		@ args = 0, pretend = 0, frame = 0
  32              		@ frame_needed = 0, uses_anonymous_args = 0
  33              		@ link register save eliminated.
  47:Core/Src/syscalls.c **** }
  34              		.loc 1 47 1 view .LVU1
  35 0000 7047     		bx	lr
  36              		.cfi_endproc
  37              	.LFE25:
  39              		.section	.text._getpid,"ax",%progbits
  40              		.align	1
  41              		.global	_getpid
  42              		.syntax unified
  43              		.thumb
  44              		.thumb_func
  45              		.fpu fpv4-sp-d16
  47              	_getpid:
  48              	.LFB26:
  48:Core/Src/syscalls.c **** 
  49:Core/Src/syscalls.c **** int _getpid(void)
  50:Core/Src/syscalls.c **** {
  49              		.loc 1 50 1 view -0
  50              		.cfi_startproc
  51              		@ args = 0, pretend = 0, frame = 0
  52              		@ frame_needed = 0, uses_anonymous_args = 0
  53              		@ link register save eliminated.
  51:Core/Src/syscalls.c **** 	return 1;
  54              		.loc 1 51 2 view .LVU3
  52:Core/Src/syscalls.c **** }
  55              		.loc 1 52 1 is_stmt 0 view .LVU4
  56 0000 0120     		movs	r0, #1
  57 0002 7047     		bx	lr
  58              		.cfi_endproc
  59              	.LFE26:
  61              		.section	.text._kill,"ax",%progbits
  62              		.align	1
  63              		.global	_kill
  64              		.syntax unified
  65              		.thumb
  66              		.thumb_func
ARM GAS  /tmp/ccJpHh0w.s 			page 3


  67              		.fpu fpv4-sp-d16
  69              	_kill:
  70              	.LVL0:
  71              	.LFB27:
  53:Core/Src/syscalls.c **** 
  54:Core/Src/syscalls.c **** int _kill(int pid, int sig)
  55:Core/Src/syscalls.c **** {
  72              		.loc 1 55 1 is_stmt 1 view -0
  73              		.cfi_startproc
  74              		@ args = 0, pretend = 0, frame = 0
  75              		@ frame_needed = 0, uses_anonymous_args = 0
  76              		.loc 1 55 1 is_stmt 0 view .LVU6
  77 0000 08B5     		push	{r3, lr}
  78              	.LCFI0:
  79              		.cfi_def_cfa_offset 8
  80              		.cfi_offset 3, -8
  81              		.cfi_offset 14, -4
  56:Core/Src/syscalls.c **** 	errno = EINVAL;
  82              		.loc 1 56 2 is_stmt 1 view .LVU7
  83 0002 FFF7FEFF 		bl	__errno
  84              	.LVL1:
  85              		.loc 1 56 8 is_stmt 0 view .LVU8
  86 0006 1623     		movs	r3, #22
  87 0008 0360     		str	r3, [r0]
  57:Core/Src/syscalls.c **** 	return -1;
  88              		.loc 1 57 2 is_stmt 1 view .LVU9
  58:Core/Src/syscalls.c **** }
  89              		.loc 1 58 1 is_stmt 0 view .LVU10
  90 000a 4FF0FF30 		mov	r0, #-1
  91 000e 08BD     		pop	{r3, pc}
  92              		.cfi_endproc
  93              	.LFE27:
  95              		.section	.text._exit,"ax",%progbits
  96              		.align	1
  97              		.global	_exit
  98              		.syntax unified
  99              		.thumb
 100              		.thumb_func
 101              		.fpu fpv4-sp-d16
 103              	_exit:
 104              	.LVL2:
 105              	.LFB28:
  59:Core/Src/syscalls.c **** 
  60:Core/Src/syscalls.c **** void _exit (int status)
  61:Core/Src/syscalls.c **** {
 106              		.loc 1 61 1 is_stmt 1 view -0
 107              		.cfi_startproc
 108              		@ Volatile: function does not return.
 109              		@ args = 0, pretend = 0, frame = 0
 110              		@ frame_needed = 0, uses_anonymous_args = 0
 111              		.loc 1 61 1 is_stmt 0 view .LVU12
 112 0000 08B5     		push	{r3, lr}
 113              	.LCFI1:
 114              		.cfi_def_cfa_offset 8
 115              		.cfi_offset 3, -8
 116              		.cfi_offset 14, -4
  62:Core/Src/syscalls.c **** 	_kill(status, -1);
ARM GAS  /tmp/ccJpHh0w.s 			page 4


 117              		.loc 1 62 2 is_stmt 1 view .LVU13
 118 0002 4FF0FF31 		mov	r1, #-1
 119 0006 FFF7FEFF 		bl	_kill
 120              	.LVL3:
 121              	.L6:
  63:Core/Src/syscalls.c **** 	while (1) {}		/* Make sure we hang here */
 122              		.loc 1 63 2 discriminator 1 view .LVU14
 123              		.loc 1 63 13 discriminator 1 view .LVU15
 124              		.loc 1 63 8 discriminator 1 view .LVU16
 125 000a FEE7     		b	.L6
 126              		.cfi_endproc
 127              	.LFE28:
 129              		.section	.text._read,"ax",%progbits
 130              		.align	1
 131              		.weak	_read
 132              		.syntax unified
 133              		.thumb
 134              		.thumb_func
 135              		.fpu fpv4-sp-d16
 137              	_read:
 138              	.LVL4:
 139              	.LFB29:
  64:Core/Src/syscalls.c **** }
  65:Core/Src/syscalls.c **** 
  66:Core/Src/syscalls.c **** __attribute__((weak)) int _read(int file, char *ptr, int len)
  67:Core/Src/syscalls.c **** {
 140              		.loc 1 67 1 view -0
 141              		.cfi_startproc
 142              		@ args = 0, pretend = 0, frame = 0
 143              		@ frame_needed = 0, uses_anonymous_args = 0
 144              		.loc 1 67 1 is_stmt 0 view .LVU18
 145 0000 70B5     		push	{r4, r5, r6, lr}
 146              	.LCFI2:
 147              		.cfi_def_cfa_offset 16
 148              		.cfi_offset 4, -16
 149              		.cfi_offset 5, -12
 150              		.cfi_offset 6, -8
 151              		.cfi_offset 14, -4
 152 0002 0C46     		mov	r4, r1
 153 0004 1646     		mov	r6, r2
  68:Core/Src/syscalls.c **** 	int DataIdx;
 154              		.loc 1 68 2 is_stmt 1 view .LVU19
  69:Core/Src/syscalls.c **** 
  70:Core/Src/syscalls.c **** 	for (DataIdx = 0; DataIdx < len; DataIdx++)
 155              		.loc 1 70 2 view .LVU20
 156              	.LVL5:
 157              		.loc 1 70 15 is_stmt 0 view .LVU21
 158 0006 0025     		movs	r5, #0
 159              		.loc 1 70 2 view .LVU22
 160 0008 06E0     		b	.L9
 161              	.LVL6:
 162              	.L10:
  71:Core/Src/syscalls.c **** 	{
  72:Core/Src/syscalls.c **** 		*ptr++ = __io_getchar();
 163              		.loc 1 72 3 is_stmt 1 discriminator 3 view .LVU23
 164              		.loc 1 72 12 is_stmt 0 discriminator 3 view .LVU24
 165 000a FFF7FEFF 		bl	__io_getchar
ARM GAS  /tmp/ccJpHh0w.s 			page 5


 166              	.LVL7:
 167              		.loc 1 72 7 discriminator 3 view .LVU25
 168 000e 2146     		mov	r1, r4
 169              	.LVL8:
 170              		.loc 1 72 10 discriminator 3 view .LVU26
 171 0010 01F8010B 		strb	r0, [r1], #1
 172              	.LVL9:
  70:Core/Src/syscalls.c **** 	{
 173              		.loc 1 70 42 is_stmt 1 discriminator 3 view .LVU27
 174 0014 0135     		adds	r5, r5, #1
 175              	.LVL10:
 176              		.loc 1 72 7 is_stmt 0 discriminator 3 view .LVU28
 177 0016 0C46     		mov	r4, r1
 178              	.LVL11:
 179              	.L9:
  70:Core/Src/syscalls.c **** 	{
 180              		.loc 1 70 28 is_stmt 1 discriminator 1 view .LVU29
 181 0018 B542     		cmp	r5, r6
 182 001a F6DB     		blt	.L10
  73:Core/Src/syscalls.c **** 	}
  74:Core/Src/syscalls.c **** 
  75:Core/Src/syscalls.c **** return len;
 183              		.loc 1 75 1 view .LVU30
  76:Core/Src/syscalls.c **** }
 184              		.loc 1 76 1 is_stmt 0 view .LVU31
 185 001c 3046     		mov	r0, r6
 186 001e 70BD     		pop	{r4, r5, r6, pc}
 187              		.loc 1 76 1 view .LVU32
 188              		.cfi_endproc
 189              	.LFE29:
 191              		.section	.text._write,"ax",%progbits
 192              		.align	1
 193              		.weak	_write
 194              		.syntax unified
 195              		.thumb
 196              		.thumb_func
 197              		.fpu fpv4-sp-d16
 199              	_write:
 200              	.LVL12:
 201              	.LFB30:
  77:Core/Src/syscalls.c **** 
  78:Core/Src/syscalls.c **** __attribute__((weak)) int _write(int file, char *ptr, int len)
  79:Core/Src/syscalls.c **** {
 202              		.loc 1 79 1 is_stmt 1 view -0
 203              		.cfi_startproc
 204              		@ args = 0, pretend = 0, frame = 0
 205              		@ frame_needed = 0, uses_anonymous_args = 0
 206              		.loc 1 79 1 is_stmt 0 view .LVU34
 207 0000 70B5     		push	{r4, r5, r6, lr}
 208              	.LCFI3:
 209              		.cfi_def_cfa_offset 16
 210              		.cfi_offset 4, -16
 211              		.cfi_offset 5, -12
 212              		.cfi_offset 6, -8
 213              		.cfi_offset 14, -4
 214 0002 0C46     		mov	r4, r1
 215 0004 1646     		mov	r6, r2
ARM GAS  /tmp/ccJpHh0w.s 			page 6


  80:Core/Src/syscalls.c **** 	int DataIdx;
 216              		.loc 1 80 2 is_stmt 1 view .LVU35
  81:Core/Src/syscalls.c **** 
  82:Core/Src/syscalls.c **** 	for (DataIdx = 0; DataIdx < len; DataIdx++)
 217              		.loc 1 82 2 view .LVU36
 218              	.LVL13:
 219              		.loc 1 82 15 is_stmt 0 view .LVU37
 220 0006 0025     		movs	r5, #0
 221              		.loc 1 82 2 view .LVU38
 222 0008 04E0     		b	.L13
 223              	.LVL14:
 224              	.L14:
  83:Core/Src/syscalls.c **** 	{
  84:Core/Src/syscalls.c **** 		__io_putchar(*ptr++);
 225              		.loc 1 84 3 is_stmt 1 discriminator 3 view .LVU39
 226              		.loc 1 84 3 is_stmt 0 discriminator 3 view .LVU40
 227 000a 14F8010B 		ldrb	r0, [r4], #1	@ zero_extendqisi2
 228              	.LVL15:
 229              		.loc 1 84 3 discriminator 3 view .LVU41
 230 000e FFF7FEFF 		bl	__io_putchar
 231              	.LVL16:
  82:Core/Src/syscalls.c **** 	{
 232              		.loc 1 82 42 is_stmt 1 discriminator 3 view .LVU42
 233 0012 0135     		adds	r5, r5, #1
 234              	.LVL17:
 235              	.L13:
  82:Core/Src/syscalls.c **** 	{
 236              		.loc 1 82 28 discriminator 1 view .LVU43
 237 0014 B542     		cmp	r5, r6
 238 0016 F8DB     		blt	.L14
  85:Core/Src/syscalls.c **** 	}
  86:Core/Src/syscalls.c **** 	return len;
 239              		.loc 1 86 2 view .LVU44
  87:Core/Src/syscalls.c **** }
 240              		.loc 1 87 1 is_stmt 0 view .LVU45
 241 0018 3046     		mov	r0, r6
 242 001a 70BD     		pop	{r4, r5, r6, pc}
 243              		.loc 1 87 1 view .LVU46
 244              		.cfi_endproc
 245              	.LFE30:
 247              		.section	.text._close,"ax",%progbits
 248              		.align	1
 249              		.global	_close
 250              		.syntax unified
 251              		.thumb
 252              		.thumb_func
 253              		.fpu fpv4-sp-d16
 255              	_close:
 256              	.LVL18:
 257              	.LFB31:
  88:Core/Src/syscalls.c **** 
  89:Core/Src/syscalls.c **** int _close(int file)
  90:Core/Src/syscalls.c **** {
 258              		.loc 1 90 1 is_stmt 1 view -0
 259              		.cfi_startproc
 260              		@ args = 0, pretend = 0, frame = 0
 261              		@ frame_needed = 0, uses_anonymous_args = 0
ARM GAS  /tmp/ccJpHh0w.s 			page 7


 262              		@ link register save eliminated.
  91:Core/Src/syscalls.c **** 	return -1;
 263              		.loc 1 91 2 view .LVU48
  92:Core/Src/syscalls.c **** }
 264              		.loc 1 92 1 is_stmt 0 view .LVU49
 265 0000 4FF0FF30 		mov	r0, #-1
 266              	.LVL19:
 267              		.loc 1 92 1 view .LVU50
 268 0004 7047     		bx	lr
 269              		.cfi_endproc
 270              	.LFE31:
 272              		.section	.text._fstat,"ax",%progbits
 273              		.align	1
 274              		.global	_fstat
 275              		.syntax unified
 276              		.thumb
 277              		.thumb_func
 278              		.fpu fpv4-sp-d16
 280              	_fstat:
 281              	.LVL20:
 282              	.LFB32:
  93:Core/Src/syscalls.c **** 
  94:Core/Src/syscalls.c **** 
  95:Core/Src/syscalls.c **** int _fstat(int file, struct stat *st)
  96:Core/Src/syscalls.c **** {
 283              		.loc 1 96 1 is_stmt 1 view -0
 284              		.cfi_startproc
 285              		@ args = 0, pretend = 0, frame = 0
 286              		@ frame_needed = 0, uses_anonymous_args = 0
 287              		@ link register save eliminated.
  97:Core/Src/syscalls.c **** 	st->st_mode = S_IFCHR;
 288              		.loc 1 97 2 view .LVU52
 289              		.loc 1 97 14 is_stmt 0 view .LVU53
 290 0000 4FF40053 		mov	r3, #8192
 291 0004 4B60     		str	r3, [r1, #4]
  98:Core/Src/syscalls.c **** 	return 0;
 292              		.loc 1 98 2 is_stmt 1 view .LVU54
  99:Core/Src/syscalls.c **** }
 293              		.loc 1 99 1 is_stmt 0 view .LVU55
 294 0006 0020     		movs	r0, #0
 295              	.LVL21:
 296              		.loc 1 99 1 view .LVU56
 297 0008 7047     		bx	lr
 298              		.cfi_endproc
 299              	.LFE32:
 301              		.section	.text._isatty,"ax",%progbits
 302              		.align	1
 303              		.global	_isatty
 304              		.syntax unified
 305              		.thumb
 306              		.thumb_func
 307              		.fpu fpv4-sp-d16
 309              	_isatty:
 310              	.LVL22:
 311              	.LFB33:
 100:Core/Src/syscalls.c **** 
 101:Core/Src/syscalls.c **** int _isatty(int file)
ARM GAS  /tmp/ccJpHh0w.s 			page 8


 102:Core/Src/syscalls.c **** {
 312              		.loc 1 102 1 is_stmt 1 view -0
 313              		.cfi_startproc
 314              		@ args = 0, pretend = 0, frame = 0
 315              		@ frame_needed = 0, uses_anonymous_args = 0
 316              		@ link register save eliminated.
 103:Core/Src/syscalls.c **** 	return 1;
 317              		.loc 1 103 2 view .LVU58
 104:Core/Src/syscalls.c **** }
 318              		.loc 1 104 1 is_stmt 0 view .LVU59
 319 0000 0120     		movs	r0, #1
 320              	.LVL23:
 321              		.loc 1 104 1 view .LVU60
 322 0002 7047     		bx	lr
 323              		.cfi_endproc
 324              	.LFE33:
 326              		.section	.text._lseek,"ax",%progbits
 327              		.align	1
 328              		.global	_lseek
 329              		.syntax unified
 330              		.thumb
 331              		.thumb_func
 332              		.fpu fpv4-sp-d16
 334              	_lseek:
 335              	.LVL24:
 336              	.LFB34:
 105:Core/Src/syscalls.c **** 
 106:Core/Src/syscalls.c **** int _lseek(int file, int ptr, int dir)
 107:Core/Src/syscalls.c **** {
 337              		.loc 1 107 1 is_stmt 1 view -0
 338              		.cfi_startproc
 339              		@ args = 0, pretend = 0, frame = 0
 340              		@ frame_needed = 0, uses_anonymous_args = 0
 341              		@ link register save eliminated.
 108:Core/Src/syscalls.c **** 	return 0;
 342              		.loc 1 108 2 view .LVU62
 109:Core/Src/syscalls.c **** }
 343              		.loc 1 109 1 is_stmt 0 view .LVU63
 344 0000 0020     		movs	r0, #0
 345              	.LVL25:
 346              		.loc 1 109 1 view .LVU64
 347 0002 7047     		bx	lr
 348              		.cfi_endproc
 349              	.LFE34:
 351              		.section	.text._open,"ax",%progbits
 352              		.align	1
 353              		.global	_open
 354              		.syntax unified
 355              		.thumb
 356              		.thumb_func
 357              		.fpu fpv4-sp-d16
 359              	_open:
 360              	.LVL26:
 361              	.LFB35:
 110:Core/Src/syscalls.c **** 
 111:Core/Src/syscalls.c **** int _open(char *path, int flags, ...)
 112:Core/Src/syscalls.c **** {
ARM GAS  /tmp/ccJpHh0w.s 			page 9


 362              		.loc 1 112 1 is_stmt 1 view -0
 363              		.cfi_startproc
 364              		@ args = 4, pretend = 12, frame = 0
 365              		@ frame_needed = 0, uses_anonymous_args = 1
 366              		@ link register save eliminated.
 367              		.loc 1 112 1 is_stmt 0 view .LVU66
 368 0000 0EB4     		push	{r1, r2, r3}
 369              	.LCFI4:
 370              		.cfi_def_cfa_offset 12
 371              		.cfi_offset 1, -12
 372              		.cfi_offset 2, -8
 373              		.cfi_offset 3, -4
 113:Core/Src/syscalls.c **** 	/* Pretend like we always fail */
 114:Core/Src/syscalls.c **** 	return -1;
 374              		.loc 1 114 2 is_stmt 1 view .LVU67
 115:Core/Src/syscalls.c **** }
 375              		.loc 1 115 1 is_stmt 0 view .LVU68
 376 0002 4FF0FF30 		mov	r0, #-1
 377              	.LVL27:
 378              		.loc 1 115 1 view .LVU69
 379 0006 03B0     		add	sp, sp, #12
 380              	.LCFI5:
 381              		.cfi_restore 3
 382              		.cfi_restore 2
 383              		.cfi_restore 1
 384              		.cfi_def_cfa_offset 0
 385 0008 7047     		bx	lr
 386              		.cfi_endproc
 387              	.LFE35:
 389              		.section	.text._wait,"ax",%progbits
 390              		.align	1
 391              		.global	_wait
 392              		.syntax unified
 393              		.thumb
 394              		.thumb_func
 395              		.fpu fpv4-sp-d16
 397              	_wait:
 398              	.LVL28:
 399              	.LFB36:
 116:Core/Src/syscalls.c **** 
 117:Core/Src/syscalls.c **** int _wait(int *status)
 118:Core/Src/syscalls.c **** {
 400              		.loc 1 118 1 is_stmt 1 view -0
 401              		.cfi_startproc
 402              		@ args = 0, pretend = 0, frame = 0
 403              		@ frame_needed = 0, uses_anonymous_args = 0
 404              		.loc 1 118 1 is_stmt 0 view .LVU71
 405 0000 08B5     		push	{r3, lr}
 406              	.LCFI6:
 407              		.cfi_def_cfa_offset 8
 408              		.cfi_offset 3, -8
 409              		.cfi_offset 14, -4
 119:Core/Src/syscalls.c **** 	errno = ECHILD;
 410              		.loc 1 119 2 is_stmt 1 view .LVU72
 411 0002 FFF7FEFF 		bl	__errno
 412              	.LVL29:
 413              		.loc 1 119 8 is_stmt 0 view .LVU73
ARM GAS  /tmp/ccJpHh0w.s 			page 10


 414 0006 0A23     		movs	r3, #10
 415 0008 0360     		str	r3, [r0]
 120:Core/Src/syscalls.c **** 	return -1;
 416              		.loc 1 120 2 is_stmt 1 view .LVU74
 121:Core/Src/syscalls.c **** }
 417              		.loc 1 121 1 is_stmt 0 view .LVU75
 418 000a 4FF0FF30 		mov	r0, #-1
 419 000e 08BD     		pop	{r3, pc}
 420              		.cfi_endproc
 421              	.LFE36:
 423              		.section	.text._unlink,"ax",%progbits
 424              		.align	1
 425              		.global	_unlink
 426              		.syntax unified
 427              		.thumb
 428              		.thumb_func
 429              		.fpu fpv4-sp-d16
 431              	_unlink:
 432              	.LVL30:
 433              	.LFB37:
 122:Core/Src/syscalls.c **** 
 123:Core/Src/syscalls.c **** int _unlink(char *name)
 124:Core/Src/syscalls.c **** {
 434              		.loc 1 124 1 is_stmt 1 view -0
 435              		.cfi_startproc
 436              		@ args = 0, pretend = 0, frame = 0
 437              		@ frame_needed = 0, uses_anonymous_args = 0
 438              		.loc 1 124 1 is_stmt 0 view .LVU77
 439 0000 08B5     		push	{r3, lr}
 440              	.LCFI7:
 441              		.cfi_def_cfa_offset 8
 442              		.cfi_offset 3, -8
 443              		.cfi_offset 14, -4
 125:Core/Src/syscalls.c **** 	errno = ENOENT;
 444              		.loc 1 125 2 is_stmt 1 view .LVU78
 445 0002 FFF7FEFF 		bl	__errno
 446              	.LVL31:
 447              		.loc 1 125 8 is_stmt 0 view .LVU79
 448 0006 0223     		movs	r3, #2
 449 0008 0360     		str	r3, [r0]
 126:Core/Src/syscalls.c **** 	return -1;
 450              		.loc 1 126 2 is_stmt 1 view .LVU80
 127:Core/Src/syscalls.c **** }
 451              		.loc 1 127 1 is_stmt 0 view .LVU81
 452 000a 4FF0FF30 		mov	r0, #-1
 453 000e 08BD     		pop	{r3, pc}
 454              		.cfi_endproc
 455              	.LFE37:
 457              		.section	.text._times,"ax",%progbits
 458              		.align	1
 459              		.global	_times
 460              		.syntax unified
 461              		.thumb
 462              		.thumb_func
 463              		.fpu fpv4-sp-d16
 465              	_times:
 466              	.LVL32:
ARM GAS  /tmp/ccJpHh0w.s 			page 11


 467              	.LFB38:
 128:Core/Src/syscalls.c **** 
 129:Core/Src/syscalls.c **** int _times(struct tms *buf)
 130:Core/Src/syscalls.c **** {
 468              		.loc 1 130 1 is_stmt 1 view -0
 469              		.cfi_startproc
 470              		@ args = 0, pretend = 0, frame = 0
 471              		@ frame_needed = 0, uses_anonymous_args = 0
 472              		@ link register save eliminated.
 131:Core/Src/syscalls.c **** 	return -1;
 473              		.loc 1 131 2 view .LVU83
 132:Core/Src/syscalls.c **** }
 474              		.loc 1 132 1 is_stmt 0 view .LVU84
 475 0000 4FF0FF30 		mov	r0, #-1
 476              	.LVL33:
 477              		.loc 1 132 1 view .LVU85
 478 0004 7047     		bx	lr
 479              		.cfi_endproc
 480              	.LFE38:
 482              		.section	.text._stat,"ax",%progbits
 483              		.align	1
 484              		.global	_stat
 485              		.syntax unified
 486              		.thumb
 487              		.thumb_func
 488              		.fpu fpv4-sp-d16
 490              	_stat:
 491              	.LVL34:
 492              	.LFB39:
 133:Core/Src/syscalls.c **** 
 134:Core/Src/syscalls.c **** int _stat(char *file, struct stat *st)
 135:Core/Src/syscalls.c **** {
 493              		.loc 1 135 1 is_stmt 1 view -0
 494              		.cfi_startproc
 495              		@ args = 0, pretend = 0, frame = 0
 496              		@ frame_needed = 0, uses_anonymous_args = 0
 497              		@ link register save eliminated.
 136:Core/Src/syscalls.c **** 	st->st_mode = S_IFCHR;
 498              		.loc 1 136 2 view .LVU87
 499              		.loc 1 136 14 is_stmt 0 view .LVU88
 500 0000 4FF40053 		mov	r3, #8192
 501 0004 4B60     		str	r3, [r1, #4]
 137:Core/Src/syscalls.c **** 	return 0;
 502              		.loc 1 137 2 is_stmt 1 view .LVU89
 138:Core/Src/syscalls.c **** }
 503              		.loc 1 138 1 is_stmt 0 view .LVU90
 504 0006 0020     		movs	r0, #0
 505              	.LVL35:
 506              		.loc 1 138 1 view .LVU91
 507 0008 7047     		bx	lr
 508              		.cfi_endproc
 509              	.LFE39:
 511              		.section	.text._link,"ax",%progbits
 512              		.align	1
 513              		.global	_link
 514              		.syntax unified
 515              		.thumb
ARM GAS  /tmp/ccJpHh0w.s 			page 12


 516              		.thumb_func
 517              		.fpu fpv4-sp-d16
 519              	_link:
 520              	.LVL36:
 521              	.LFB40:
 139:Core/Src/syscalls.c **** 
 140:Core/Src/syscalls.c **** int _link(char *old, char *new)
 141:Core/Src/syscalls.c **** {
 522              		.loc 1 141 1 is_stmt 1 view -0
 523              		.cfi_startproc
 524              		@ args = 0, pretend = 0, frame = 0
 525              		@ frame_needed = 0, uses_anonymous_args = 0
 526              		.loc 1 141 1 is_stmt 0 view .LVU93
 527 0000 08B5     		push	{r3, lr}
 528              	.LCFI8:
 529              		.cfi_def_cfa_offset 8
 530              		.cfi_offset 3, -8
 531              		.cfi_offset 14, -4
 142:Core/Src/syscalls.c **** 	errno = EMLINK;
 532              		.loc 1 142 2 is_stmt 1 view .LVU94
 533 0002 FFF7FEFF 		bl	__errno
 534              	.LVL37:
 535              		.loc 1 142 8 is_stmt 0 view .LVU95
 536 0006 1F23     		movs	r3, #31
 537 0008 0360     		str	r3, [r0]
 143:Core/Src/syscalls.c **** 	return -1;
 538              		.loc 1 143 2 is_stmt 1 view .LVU96
 144:Core/Src/syscalls.c **** }
 539              		.loc 1 144 1 is_stmt 0 view .LVU97
 540 000a 4FF0FF30 		mov	r0, #-1
 541 000e 08BD     		pop	{r3, pc}
 542              		.cfi_endproc
 543              	.LFE40:
 545              		.section	.text._fork,"ax",%progbits
 546              		.align	1
 547              		.global	_fork
 548              		.syntax unified
 549              		.thumb
 550              		.thumb_func
 551              		.fpu fpv4-sp-d16
 553              	_fork:
 554              	.LFB41:
 145:Core/Src/syscalls.c **** 
 146:Core/Src/syscalls.c **** int _fork(void)
 147:Core/Src/syscalls.c **** {
 555              		.loc 1 147 1 is_stmt 1 view -0
 556              		.cfi_startproc
 557              		@ args = 0, pretend = 0, frame = 0
 558              		@ frame_needed = 0, uses_anonymous_args = 0
 559 0000 08B5     		push	{r3, lr}
 560              	.LCFI9:
 561              		.cfi_def_cfa_offset 8
 562              		.cfi_offset 3, -8
 563              		.cfi_offset 14, -4
 148:Core/Src/syscalls.c **** 	errno = EAGAIN;
 564              		.loc 1 148 2 view .LVU99
 565 0002 FFF7FEFF 		bl	__errno
ARM GAS  /tmp/ccJpHh0w.s 			page 13


 566              	.LVL38:
 567              		.loc 1 148 8 is_stmt 0 view .LVU100
 568 0006 0B23     		movs	r3, #11
 569 0008 0360     		str	r3, [r0]
 149:Core/Src/syscalls.c **** 	return -1;
 570              		.loc 1 149 2 is_stmt 1 view .LVU101
 150:Core/Src/syscalls.c **** }
 571              		.loc 1 150 1 is_stmt 0 view .LVU102
 572 000a 4FF0FF30 		mov	r0, #-1
 573 000e 08BD     		pop	{r3, pc}
 574              		.cfi_endproc
 575              	.LFE41:
 577              		.section	.text._execve,"ax",%progbits
 578              		.align	1
 579              		.global	_execve
 580              		.syntax unified
 581              		.thumb
 582              		.thumb_func
 583              		.fpu fpv4-sp-d16
 585              	_execve:
 586              	.LVL39:
 587              	.LFB42:
 151:Core/Src/syscalls.c **** 
 152:Core/Src/syscalls.c **** int _execve(char *name, char **argv, char **env)
 153:Core/Src/syscalls.c **** {
 588              		.loc 1 153 1 is_stmt 1 view -0
 589              		.cfi_startproc
 590              		@ args = 0, pretend = 0, frame = 0
 591              		@ frame_needed = 0, uses_anonymous_args = 0
 592              		.loc 1 153 1 is_stmt 0 view .LVU104
 593 0000 08B5     		push	{r3, lr}
 594              	.LCFI10:
 595              		.cfi_def_cfa_offset 8
 596              		.cfi_offset 3, -8
 597              		.cfi_offset 14, -4
 154:Core/Src/syscalls.c **** 	errno = ENOMEM;
 598              		.loc 1 154 2 is_stmt 1 view .LVU105
 599 0002 FFF7FEFF 		bl	__errno
 600              	.LVL40:
 601              		.loc 1 154 8 is_stmt 0 view .LVU106
 602 0006 0C23     		movs	r3, #12
 603 0008 0360     		str	r3, [r0]
 155:Core/Src/syscalls.c **** 	return -1;
 604              		.loc 1 155 2 is_stmt 1 view .LVU107
 156:Core/Src/syscalls.c **** }
 605              		.loc 1 156 1 is_stmt 0 view .LVU108
 606 000a 4FF0FF30 		mov	r0, #-1
 607 000e 08BD     		pop	{r3, pc}
 608              		.cfi_endproc
 609              	.LFE42:
 611              		.global	environ
 612              		.global	__env
 613              		.section	.bss.__env,"aw",%nobits
 614              		.align	2
 617              	__env:
 618 0000 00000000 		.space	4
 619              		.section	.data.environ,"aw"
ARM GAS  /tmp/ccJpHh0w.s 			page 14


 620              		.align	2
 623              	environ:
 624 0000 00000000 		.word	__env
 625              		.weak	__io_putchar
 626              		.weak	__io_getchar
 627              		.text
 628              	.Letext0:
 629              		.file 2 "/usr/arm-none-eabi/include/machine/_default_types.h"
 630              		.file 3 "/usr/arm-none-eabi/include/sys/_types.h"
 631              		.file 4 "/usr/arm-none-eabi/include/sys/_timeval.h"
 632              		.file 5 "/usr/arm-none-eabi/include/sys/_timespec.h"
 633              		.file 6 "/usr/arm-none-eabi/include/sys/types.h"
 634              		.file 7 "/usr/arm-none-eabi/include/sys/stat.h"
 635              		.file 8 "/usr/arm-none-eabi/include/sys/times.h"
 636              		.file 9 "/usr/arm-none-eabi/include/sys/errno.h"
ARM GAS  /tmp/ccJpHh0w.s 			page 15


DEFINED SYMBOLS
                            *ABS*:0000000000000000 syscalls.c
     /tmp/ccJpHh0w.s:18     .text.initialise_monitor_handles:0000000000000000 $t
     /tmp/ccJpHh0w.s:26     .text.initialise_monitor_handles:0000000000000000 initialise_monitor_handles
     /tmp/ccJpHh0w.s:40     .text._getpid:0000000000000000 $t
     /tmp/ccJpHh0w.s:47     .text._getpid:0000000000000000 _getpid
     /tmp/ccJpHh0w.s:62     .text._kill:0000000000000000 $t
     /tmp/ccJpHh0w.s:69     .text._kill:0000000000000000 _kill
     /tmp/ccJpHh0w.s:96     .text._exit:0000000000000000 $t
     /tmp/ccJpHh0w.s:103    .text._exit:0000000000000000 _exit
     /tmp/ccJpHh0w.s:130    .text._read:0000000000000000 $t
     /tmp/ccJpHh0w.s:137    .text._read:0000000000000000 _read
     /tmp/ccJpHh0w.s:192    .text._write:0000000000000000 $t
     /tmp/ccJpHh0w.s:199    .text._write:0000000000000000 _write
     /tmp/ccJpHh0w.s:248    .text._close:0000000000000000 $t
     /tmp/ccJpHh0w.s:255    .text._close:0000000000000000 _close
     /tmp/ccJpHh0w.s:273    .text._fstat:0000000000000000 $t
     /tmp/ccJpHh0w.s:280    .text._fstat:0000000000000000 _fstat
     /tmp/ccJpHh0w.s:302    .text._isatty:0000000000000000 $t
     /tmp/ccJpHh0w.s:309    .text._isatty:0000000000000000 _isatty
     /tmp/ccJpHh0w.s:327    .text._lseek:0000000000000000 $t
     /tmp/ccJpHh0w.s:334    .text._lseek:0000000000000000 _lseek
     /tmp/ccJpHh0w.s:352    .text._open:0000000000000000 $t
     /tmp/ccJpHh0w.s:359    .text._open:0000000000000000 _open
     /tmp/ccJpHh0w.s:390    .text._wait:0000000000000000 $t
     /tmp/ccJpHh0w.s:397    .text._wait:0000000000000000 _wait
     /tmp/ccJpHh0w.s:424    .text._unlink:0000000000000000 $t
     /tmp/ccJpHh0w.s:431    .text._unlink:0000000000000000 _unlink
     /tmp/ccJpHh0w.s:458    .text._times:0000000000000000 $t
     /tmp/ccJpHh0w.s:465    .text._times:0000000000000000 _times
     /tmp/ccJpHh0w.s:483    .text._stat:0000000000000000 $t
     /tmp/ccJpHh0w.s:490    .text._stat:0000000000000000 _stat
     /tmp/ccJpHh0w.s:512    .text._link:0000000000000000 $t
     /tmp/ccJpHh0w.s:519    .text._link:0000000000000000 _link
     /tmp/ccJpHh0w.s:546    .text._fork:0000000000000000 $t
     /tmp/ccJpHh0w.s:553    .text._fork:0000000000000000 _fork
     /tmp/ccJpHh0w.s:578    .text._execve:0000000000000000 $t
     /tmp/ccJpHh0w.s:585    .text._execve:0000000000000000 _execve
     /tmp/ccJpHh0w.s:623    .data.environ:0000000000000000 environ
     /tmp/ccJpHh0w.s:617    .bss.__env:0000000000000000 __env
     /tmp/ccJpHh0w.s:614    .bss.__env:0000000000000000 $d
     /tmp/ccJpHh0w.s:620    .data.environ:0000000000000000 $d

UNDEFINED SYMBOLS
__errno
__io_getchar
__io_putchar
